  test_code.cpp
P:\VS project\AwesomeV2\AwesomeV2\Model_loader.hpp(165,50): warning C4244: 'argument': conversion from 'float' to '_Ty', possible loss of data
          with
          [
              _Ty=unsigned int
          ]
P:\VS project\AwesomeV2\AwesomeV2\Model_loader.hpp(166,50): warning C4244: 'argument': conversion from 'float' to '_Ty', possible loss of data
          with
          [
              _Ty=unsigned int
          ]
P:\VS project\AwesomeV2\AwesomeV2\Model_loader.hpp(167,50): warning C4244: 'argument': conversion from 'float' to '_Ty', possible loss of data
          with
          [
              _Ty=unsigned int
          ]
P:\VS project\AwesomeV2\AwesomeV2\Model_loader.hpp(169,50): warning C4244: 'argument': conversion from 'float' to '_Ty', possible loss of data
          with
          [
              _Ty=unsigned int
          ]
P:\VS project\AwesomeV2\AwesomeV2\Model_loader.hpp(170,50): warning C4244: 'argument': conversion from 'float' to '_Ty', possible loss of data
          with
          [
              _Ty=unsigned int
          ]
P:\VS project\AwesomeV2\AwesomeV2\Model_loader.hpp(171,50): warning C4244: 'argument': conversion from 'float' to '_Ty', possible loss of data
          with
          [
              _Ty=unsigned int
          ]
P:\VS project\AwesomeV2\AwesomeV2\Model_loader.hpp(173,73): warning C4244: 'argument': conversion from 'float' to 'const unsigned int', possible loss of data
P:\VS project\AwesomeV2\AwesomeV2\Model_loader.hpp(174,77): warning C4244: 'argument': conversion from 'float' to 'const unsigned int', possible loss of data
P:\VS project\AwesomeV2\AwesomeV2\Model_loader.hpp(175,77): warning C4244: 'argument': conversion from 'float' to 'const unsigned int', possible loss of data
P:\VS project\AwesomeV2\AwesomeV2\Model_loader.hpp(177,73): warning C4244: 'argument': conversion from 'float' to 'const unsigned int', possible loss of data
P:\VS project\AwesomeV2\AwesomeV2\Model_loader.hpp(178,77): warning C4244: 'argument': conversion from 'float' to 'const unsigned int', possible loss of data
P:\VS project\AwesomeV2\AwesomeV2\Model_loader.hpp(179,77): warning C4244: 'argument': conversion from 'float' to 'const unsigned int', possible loss of data
P:\VS project\AwesomeV2\AwesomeV2\Model_loader.hpp(181,73): warning C4244: 'argument': conversion from 'float' to 'const unsigned int', possible loss of data
P:\VS project\AwesomeV2\AwesomeV2\Model_loader.hpp(182,77): warning C4244: 'argument': conversion from 'float' to 'const unsigned int', possible loss of data
P:\VS project\AwesomeV2\AwesomeV2\Model_loader.hpp(183,77): warning C4244: 'argument': conversion from 'float' to 'const unsigned int', possible loss of data
P:\VS project\AwesomeV2\AwesomeV2\Model_loader.hpp(185,73): warning C4244: 'argument': conversion from 'float' to 'const unsigned int', possible loss of data
P:\VS project\AwesomeV2\AwesomeV2\Model_loader.hpp(186,77): warning C4244: 'argument': conversion from 'float' to 'const unsigned int', possible loss of data
P:\VS project\AwesomeV2\AwesomeV2\Model_loader.hpp(187,77): warning C4244: 'argument': conversion from 'float' to 'const unsigned int', possible loss of data
P:\VS project\AwesomeV2\AwesomeV2\Model_loader.hpp(189,73): warning C4244: 'argument': conversion from 'float' to 'const unsigned int', possible loss of data
P:\VS project\AwesomeV2\AwesomeV2\Model_loader.hpp(190,77): warning C4244: 'argument': conversion from 'float' to 'const unsigned int', possible loss of data
P:\VS project\AwesomeV2\AwesomeV2\Model_loader.hpp(191,77): warning C4244: 'argument': conversion from 'float' to 'const unsigned int', possible loss of data
P:\VS project\AwesomeV2\AwesomeV2\Model_loader.hpp(193,73): warning C4244: 'argument': conversion from 'float' to 'const unsigned int', possible loss of data
P:\VS project\AwesomeV2\AwesomeV2\Model_loader.hpp(194,77): warning C4244: 'argument': conversion from 'float' to 'const unsigned int', possible loss of data
P:\VS project\AwesomeV2\AwesomeV2\Model_loader.hpp(195,77): warning C4244: 'argument': conversion from 'float' to 'const unsigned int', possible loss of data
P:\VS project\AwesomeV2\AwesomeV2\Model_loader.hpp(201,50): warning C4244: 'argument': conversion from 'float' to '_Ty', possible loss of data
          with
          [
              _Ty=unsigned int
          ]
P:\VS project\AwesomeV2\AwesomeV2\Model_loader.hpp(202,50): warning C4244: 'argument': conversion from 'float' to '_Ty', possible loss of data
          with
          [
              _Ty=unsigned int
          ]
P:\VS project\AwesomeV2\AwesomeV2\Model_loader.hpp(203,50): warning C4244: 'argument': conversion from 'float' to '_Ty', possible loss of data
          with
          [
              _Ty=unsigned int
          ]
P:\VS project\AwesomeV2\AwesomeV2\Model_loader.hpp(205,50): warning C4244: 'argument': conversion from 'float' to '_Ty', possible loss of data
          with
          [
              _Ty=unsigned int
          ]
P:\VS project\AwesomeV2\AwesomeV2\Model_loader.hpp(206,50): warning C4244: 'argument': conversion from 'float' to '_Ty', possible loss of data
          with
          [
              _Ty=unsigned int
          ]
P:\VS project\AwesomeV2\AwesomeV2\Model_loader.hpp(207,50): warning C4244: 'argument': conversion from 'float' to '_Ty', possible loss of data
          with
          [
              _Ty=unsigned int
          ]
P:\VS project\AwesomeV2\AwesomeV2\Model_loader.hpp(209,95): warning C4244: 'argument': conversion from 'float' to 'const unsigned int', possible loss of data
P:\VS project\AwesomeV2\AwesomeV2\Model_loader.hpp(210,99): warning C4244: 'argument': conversion from 'float' to 'const unsigned int', possible loss of data
P:\VS project\AwesomeV2\AwesomeV2\Model_loader.hpp(212,95): warning C4244: 'argument': conversion from 'float' to 'const unsigned int', possible loss of data
P:\VS project\AwesomeV2\AwesomeV2\Model_loader.hpp(213,99): warning C4244: 'argument': conversion from 'float' to 'const unsigned int', possible loss of data
P:\VS project\AwesomeV2\AwesomeV2\Model_loader.hpp(215,95): warning C4244: 'argument': conversion from 'float' to 'const unsigned int', possible loss of data
P:\VS project\AwesomeV2\AwesomeV2\Model_loader.hpp(216,99): warning C4244: 'argument': conversion from 'float' to 'const unsigned int', possible loss of data
P:\VS project\AwesomeV2\AwesomeV2\Model_loader.hpp(218,95): warning C4244: 'argument': conversion from 'float' to 'const unsigned int', possible loss of data
P:\VS project\AwesomeV2\AwesomeV2\Model_loader.hpp(219,99): warning C4244: 'argument': conversion from 'float' to 'const unsigned int', possible loss of data
P:\VS project\AwesomeV2\AwesomeV2\Model_loader.hpp(221,95): warning C4244: 'argument': conversion from 'float' to 'const unsigned int', possible loss of data
P:\VS project\AwesomeV2\AwesomeV2\Model_loader.hpp(222,99): warning C4244: 'argument': conversion from 'float' to 'const unsigned int', possible loss of data
P:\VS project\AwesomeV2\AwesomeV2\Model_loader.hpp(224,95): warning C4244: 'argument': conversion from 'float' to 'const unsigned int', possible loss of data
P:\VS project\AwesomeV2\AwesomeV2\Model_loader.hpp(225,99): warning C4244: 'argument': conversion from 'float' to 'const unsigned int', possible loss of data
P:\VS project\AwesomeV2\AwesomeV2\Model_loader.hpp(227,73): warning C4244: 'argument': conversion from 'float' to 'const unsigned int', possible loss of data
P:\VS project\AwesomeV2\AwesomeV2\Model_loader.hpp(228,77): warning C4244: 'argument': conversion from 'float' to 'const unsigned int', possible loss of data
P:\VS project\AwesomeV2\AwesomeV2\Model_loader.hpp(229,77): warning C4244: 'argument': conversion from 'float' to 'const unsigned int', possible loss of data
P:\VS project\AwesomeV2\AwesomeV2\Model_loader.hpp(231,73): warning C4244: 'argument': conversion from 'float' to 'const unsigned int', possible loss of data
P:\VS project\AwesomeV2\AwesomeV2\Model_loader.hpp(232,77): warning C4244: 'argument': conversion from 'float' to 'const unsigned int', possible loss of data
P:\VS project\AwesomeV2\AwesomeV2\Model_loader.hpp(233,77): warning C4244: 'argument': conversion from 'float' to 'const unsigned int', possible loss of data
P:\VS project\AwesomeV2\AwesomeV2\Model_loader.hpp(235,73): warning C4244: 'argument': conversion from 'float' to 'const unsigned int', possible loss of data
P:\VS project\AwesomeV2\AwesomeV2\Model_loader.hpp(236,77): warning C4244: 'argument': conversion from 'float' to 'const unsigned int', possible loss of data
P:\VS project\AwesomeV2\AwesomeV2\Model_loader.hpp(237,77): warning C4244: 'argument': conversion from 'float' to 'const unsigned int', possible loss of data
P:\VS project\AwesomeV2\AwesomeV2\Model_loader.hpp(239,73): warning C4244: 'argument': conversion from 'float' to 'const unsigned int', possible loss of data
P:\VS project\AwesomeV2\AwesomeV2\Model_loader.hpp(240,77): warning C4244: 'argument': conversion from 'float' to 'const unsigned int', possible loss of data
P:\VS project\AwesomeV2\AwesomeV2\Model_loader.hpp(241,77): warning C4244: 'argument': conversion from 'float' to 'const unsigned int', possible loss of data
P:\VS project\AwesomeV2\AwesomeV2\Model_loader.hpp(243,73): warning C4244: 'argument': conversion from 'float' to 'const unsigned int', possible loss of data
P:\VS project\AwesomeV2\AwesomeV2\Model_loader.hpp(244,77): warning C4244: 'argument': conversion from 'float' to 'const unsigned int', possible loss of data
P:\VS project\AwesomeV2\AwesomeV2\Model_loader.hpp(245,77): warning C4244: 'argument': conversion from 'float' to 'const unsigned int', possible loss of data
P:\VS project\AwesomeV2\AwesomeV2\Model_loader.hpp(247,73): warning C4244: 'argument': conversion from 'float' to 'const unsigned int', possible loss of data
P:\VS project\AwesomeV2\AwesomeV2\Model_loader.hpp(248,77): warning C4244: 'argument': conversion from 'float' to 'const unsigned int', possible loss of data
P:\VS project\AwesomeV2\AwesomeV2\Model_loader.hpp(249,77): warning C4244: 'argument': conversion from 'float' to 'const unsigned int', possible loss of data
P:\VS project\AwesomeV2\AwesomeV2\Model_loader.hpp(258,50): warning C4244: 'argument': conversion from 'float' to '_Ty', possible loss of data
          with
          [
              _Ty=unsigned int
          ]
P:\VS project\AwesomeV2\AwesomeV2\Model_loader.hpp(259,50): warning C4244: 'argument': conversion from 'float' to '_Ty', possible loss of data
          with
          [
              _Ty=unsigned int
          ]
P:\VS project\AwesomeV2\AwesomeV2\Model_loader.hpp(260,50): warning C4244: 'argument': conversion from 'float' to '_Ty', possible loss of data
          with
          [
              _Ty=unsigned int
          ]
P:\VS project\AwesomeV2\AwesomeV2\Model_loader.hpp(262,50): warning C4244: 'argument': conversion from 'float' to '_Ty', possible loss of data
          with
          [
              _Ty=unsigned int
          ]
P:\VS project\AwesomeV2\AwesomeV2\Model_loader.hpp(263,50): warning C4244: 'argument': conversion from 'float' to '_Ty', possible loss of data
          with
          [
              _Ty=unsigned int
          ]
P:\VS project\AwesomeV2\AwesomeV2\Model_loader.hpp(264,50): warning C4244: 'argument': conversion from 'float' to '_Ty', possible loss of data
          with
          [
              _Ty=unsigned int
          ]
P:\VS project\AwesomeV2\AwesomeV2\Model_loader.hpp(266,57): warning C4244: 'argument': conversion from 'float' to '_Ty', possible loss of data
          with
          [
              _Ty=unsigned int
          ]
P:\VS project\AwesomeV2\AwesomeV2\Model_loader.hpp(267,57): warning C4244: 'argument': conversion from 'float' to '_Ty', possible loss of data
          with
          [
              _Ty=unsigned int
          ]
P:\VS project\AwesomeV2\AwesomeV2\Model_loader.hpp(268,57): warning C4244: 'argument': conversion from 'float' to '_Ty', possible loss of data
          with
          [
              _Ty=unsigned int
          ]
P:\VS project\AwesomeV2\AwesomeV2\Model_loader.hpp(270,57): warning C4244: 'argument': conversion from 'float' to '_Ty', possible loss of data
          with
          [
              _Ty=unsigned int
          ]
P:\VS project\AwesomeV2\AwesomeV2\Model_loader.hpp(271,57): warning C4244: 'argument': conversion from 'float' to '_Ty', possible loss of data
          with
          [
              _Ty=unsigned int
          ]
P:\VS project\AwesomeV2\AwesomeV2\Model_loader.hpp(272,57): warning C4244: 'argument': conversion from 'float' to '_Ty', possible loss of data
          with
          [
              _Ty=unsigned int
          ]
P:\VS project\AwesomeV2\AwesomeV2\Model_loader.hpp(278,50): warning C4244: 'argument': conversion from 'float' to '_Ty', possible loss of data
          with
          [
              _Ty=unsigned int
          ]
P:\VS project\AwesomeV2\AwesomeV2\Model_loader.hpp(279,50): warning C4244: 'argument': conversion from 'float' to '_Ty', possible loss of data
          with
          [
              _Ty=unsigned int
          ]
P:\VS project\AwesomeV2\AwesomeV2\Model_loader.hpp(280,50): warning C4244: 'argument': conversion from 'float' to '_Ty', possible loss of data
          with
          [
              _Ty=unsigned int
          ]
P:\VS project\AwesomeV2\AwesomeV2\Model_loader.hpp(282,50): warning C4244: 'argument': conversion from 'float' to '_Ty', possible loss of data
          with
          [
              _Ty=unsigned int
          ]
P:\VS project\AwesomeV2\AwesomeV2\Model_loader.hpp(283,50): warning C4244: 'argument': conversion from 'float' to '_Ty', possible loss of data
          with
          [
              _Ty=unsigned int
          ]
P:\VS project\AwesomeV2\AwesomeV2\Model_loader.hpp(284,50): warning C4244: 'argument': conversion from 'float' to '_Ty', possible loss of data
          with
          [
              _Ty=unsigned int
          ]
P:\VS project\AwesomeV2\AwesomeV2\Model_loader.hpp(286,57): warning C4244: 'argument': conversion from 'float' to '_Ty', possible loss of data
          with
          [
              _Ty=unsigned int
          ]
P:\VS project\AwesomeV2\AwesomeV2\Model_loader.hpp(287,57): warning C4244: 'argument': conversion from 'float' to '_Ty', possible loss of data
          with
          [
              _Ty=unsigned int
          ]
P:\VS project\AwesomeV2\AwesomeV2\Model_loader.hpp(288,57): warning C4244: 'argument': conversion from 'float' to '_Ty', possible loss of data
          with
          [
              _Ty=unsigned int
          ]
P:\VS project\AwesomeV2\AwesomeV2\Model_loader.hpp(290,57): warning C4244: 'argument': conversion from 'float' to '_Ty', possible loss of data
          with
          [
              _Ty=unsigned int
          ]
P:\VS project\AwesomeV2\AwesomeV2\Model_loader.hpp(291,57): warning C4244: 'argument': conversion from 'float' to '_Ty', possible loss of data
          with
          [
              _Ty=unsigned int
          ]
P:\VS project\AwesomeV2\AwesomeV2\Model_loader.hpp(292,57): warning C4244: 'argument': conversion from 'float' to '_Ty', possible loss of data
          with
          [
              _Ty=unsigned int
          ]
P:\VS project\AwesomeV2\AwesomeV2\Model_loader.hpp(294,57): warning C4244: 'argument': conversion from 'float' to '_Ty', possible loss of data
          with
          [
              _Ty=unsigned int
          ]
P:\VS project\AwesomeV2\AwesomeV2\Model_loader.hpp(295,57): warning C4244: 'argument': conversion from 'float' to '_Ty', possible loss of data
          with
          [
              _Ty=unsigned int
          ]
P:\VS project\AwesomeV2\AwesomeV2\Model_loader.hpp(296,57): warning C4244: 'argument': conversion from 'float' to '_Ty', possible loss of data
          with
          [
              _Ty=unsigned int
          ]
P:\VS project\AwesomeV2\AwesomeV2\Model_loader.hpp(298,57): warning C4244: 'argument': conversion from 'float' to '_Ty', possible loss of data
          with
          [
              _Ty=unsigned int
          ]
P:\VS project\AwesomeV2\AwesomeV2\Model_loader.hpp(299,57): warning C4244: 'argument': conversion from 'float' to '_Ty', possible loss of data
          with
          [
              _Ty=unsigned int
          ]
P:\VS project\AwesomeV2\AwesomeV2\Model_loader.hpp(300,57): warning C4244: 'argument': conversion from 'float' to '_Ty', possible loss of data
          with
          [
              _Ty=unsigned int
          ]
P:\VS project\AwesomeV2\AwesomeV2\Model_loader.hpp(419,74): warning C4244: 'argument': conversion from 'float' to 'const unsigned int', possible loss of data
P:\VS project\AwesomeV2\AwesomeV2\Model_loader.hpp(420,78): warning C4244: 'argument': conversion from 'float' to 'const unsigned int', possible loss of data
P:\VS project\AwesomeV2\AwesomeV2\Model_loader.hpp(421,78): warning C4244: 'argument': conversion from 'float' to 'const unsigned int', possible loss of data
P:\VS project\AwesomeV2\AwesomeV2\Model_loader.hpp(423,74): warning C4244: 'argument': conversion from 'float' to 'const unsigned int', possible loss of data
P:\VS project\AwesomeV2\AwesomeV2\Model_loader.hpp(424,78): warning C4244: 'argument': conversion from 'float' to 'const unsigned int', possible loss of data
P:\VS project\AwesomeV2\AwesomeV2\Model_loader.hpp(425,78): warning C4244: 'argument': conversion from 'float' to 'const unsigned int', possible loss of data
P:\VS project\AwesomeV2\AwesomeV2\Model_loader.hpp(427,74): warning C4244: 'argument': conversion from 'float' to 'const unsigned int', possible loss of data
P:\VS project\AwesomeV2\AwesomeV2\Model_loader.hpp(428,78): warning C4244: 'argument': conversion from 'float' to 'const unsigned int', possible loss of data
P:\VS project\AwesomeV2\AwesomeV2\Model_loader.hpp(429,78): warning C4244: 'argument': conversion from 'float' to 'const unsigned int', possible loss of data
P:\VS project\AwesomeV2\AwesomeV2\Model_loader.hpp(443,72): warning C4244: 'argument': conversion from 'float' to 'const unsigned int', possible loss of data
P:\VS project\AwesomeV2\AwesomeV2\Model_loader.hpp(444,76): warning C4244: 'argument': conversion from 'float' to 'const unsigned int', possible loss of data
P:\VS project\AwesomeV2\AwesomeV2\Model_loader.hpp(445,76): warning C4244: 'argument': conversion from 'float' to 'const unsigned int', possible loss of data
P:\VS project\AwesomeV2\AwesomeV2\Model_loader.hpp(447,72): warning C4244: 'argument': conversion from 'float' to 'const unsigned int', possible loss of data
P:\VS project\AwesomeV2\AwesomeV2\Model_loader.hpp(448,76): warning C4244: 'argument': conversion from 'float' to 'const unsigned int', possible loss of data
P:\VS project\AwesomeV2\AwesomeV2\Model_loader.hpp(449,76): warning C4244: 'argument': conversion from 'float' to 'const unsigned int', possible loss of data
P:\VS project\AwesomeV2\AwesomeV2\Model_loader.hpp(451,72): warning C4244: 'argument': conversion from 'float' to 'const unsigned int', possible loss of data
P:\VS project\AwesomeV2\AwesomeV2\Model_loader.hpp(452,76): warning C4244: 'argument': conversion from 'float' to 'const unsigned int', possible loss of data
P:\VS project\AwesomeV2\AwesomeV2\Model_loader.hpp(453,76): warning C4244: 'argument': conversion from 'float' to 'const unsigned int', possible loss of data
P:\VS project\AwesomeV2\AwesomeV2\Model_loader.hpp(471,74): warning C4244: 'argument': conversion from 'float' to 'const unsigned int', possible loss of data
P:\VS project\AwesomeV2\AwesomeV2\Model_loader.hpp(472,78): warning C4244: 'argument': conversion from 'float' to 'const unsigned int', possible loss of data
P:\VS project\AwesomeV2\AwesomeV2\Model_loader.hpp(473,78): warning C4244: 'argument': conversion from 'float' to 'const unsigned int', possible loss of data
P:\VS project\AwesomeV2\AwesomeV2\Model_loader.hpp(475,74): warning C4244: 'argument': conversion from 'float' to 'const unsigned int', possible loss of data
P:\VS project\AwesomeV2\AwesomeV2\Model_loader.hpp(476,78): warning C4244: 'argument': conversion from 'float' to 'const unsigned int', possible loss of data
P:\VS project\AwesomeV2\AwesomeV2\Model_loader.hpp(477,78): warning C4244: 'argument': conversion from 'float' to 'const unsigned int', possible loss of data
P:\VS project\AwesomeV2\AwesomeV2\Model_loader.hpp(479,74): warning C4244: 'argument': conversion from 'float' to 'const unsigned int', possible loss of data
P:\VS project\AwesomeV2\AwesomeV2\Model_loader.hpp(480,78): warning C4244: 'argument': conversion from 'float' to 'const unsigned int', possible loss of data
P:\VS project\AwesomeV2\AwesomeV2\Model_loader.hpp(481,78): warning C4244: 'argument': conversion from 'float' to 'const unsigned int', possible loss of data
P:\VS project\AwesomeV2\AwesomeV2\Model_loader.hpp(495,94): warning C4244: 'argument': conversion from 'float' to 'const unsigned int', possible loss of data
P:\VS project\AwesomeV2\AwesomeV2\Model_loader.hpp(496,98): warning C4244: 'argument': conversion from 'float' to 'const unsigned int', possible loss of data
P:\VS project\AwesomeV2\AwesomeV2\Model_loader.hpp(498,94): warning C4244: 'argument': conversion from 'float' to 'const unsigned int', possible loss of data
P:\VS project\AwesomeV2\AwesomeV2\Model_loader.hpp(499,98): warning C4244: 'argument': conversion from 'float' to 'const unsigned int', possible loss of data
P:\VS project\AwesomeV2\AwesomeV2\Model_loader.hpp(501,94): warning C4244: 'argument': conversion from 'float' to 'const unsigned int', possible loss of data
P:\VS project\AwesomeV2\AwesomeV2\Model_loader.hpp(502,98): warning C4244: 'argument': conversion from 'float' to 'const unsigned int', possible loss of data
P:\VS project\AwesomeV2\AwesomeV2\Model_loader.hpp(513,72): warning C4244: 'argument': conversion from 'float' to 'const unsigned int', possible loss of data
P:\VS project\AwesomeV2\AwesomeV2\Model_loader.hpp(514,76): warning C4244: 'argument': conversion from 'float' to 'const unsigned int', possible loss of data
P:\VS project\AwesomeV2\AwesomeV2\Model_loader.hpp(515,76): warning C4244: 'argument': conversion from 'float' to 'const unsigned int', possible loss of data
P:\VS project\AwesomeV2\AwesomeV2\Model_loader.hpp(517,72): warning C4244: 'argument': conversion from 'float' to 'const unsigned int', possible loss of data
P:\VS project\AwesomeV2\AwesomeV2\Model_loader.hpp(518,76): warning C4244: 'argument': conversion from 'float' to 'const unsigned int', possible loss of data
P:\VS project\AwesomeV2\AwesomeV2\Model_loader.hpp(519,76): warning C4244: 'argument': conversion from 'float' to 'const unsigned int', possible loss of data
P:\VS project\AwesomeV2\AwesomeV2\Model_loader.hpp(521,72): warning C4244: 'argument': conversion from 'float' to 'const unsigned int', possible loss of data
P:\VS project\AwesomeV2\AwesomeV2\Model_loader.hpp(522,76): warning C4244: 'argument': conversion from 'float' to 'const unsigned int', possible loss of data
P:\VS project\AwesomeV2\AwesomeV2\Model_loader.hpp(523,76): warning C4244: 'argument': conversion from 'float' to 'const unsigned int', possible loss of data
P:\VS project\AwesomeV2\AwesomeV2\Model_loader.hpp(544,74): warning C4244: 'argument': conversion from 'float' to 'const unsigned int', possible loss of data
P:\VS project\AwesomeV2\AwesomeV2\Model_loader.hpp(545,78): warning C4244: 'argument': conversion from 'float' to 'const unsigned int', possible loss of data
P:\VS project\AwesomeV2\AwesomeV2\Model_loader.hpp(546,78): warning C4244: 'argument': conversion from 'float' to 'const unsigned int', possible loss of data
P:\VS project\AwesomeV2\AwesomeV2\Model_loader.hpp(548,74): warning C4244: 'argument': conversion from 'float' to 'const unsigned int', possible loss of data
P:\VS project\AwesomeV2\AwesomeV2\Model_loader.hpp(549,78): warning C4244: 'argument': conversion from 'float' to 'const unsigned int', possible loss of data
P:\VS project\AwesomeV2\AwesomeV2\Model_loader.hpp(550,78): warning C4244: 'argument': conversion from 'float' to 'const unsigned int', possible loss of data
P:\VS project\AwesomeV2\AwesomeV2\Model_loader.hpp(552,74): warning C4244: 'argument': conversion from 'float' to 'const unsigned int', possible loss of data
P:\VS project\AwesomeV2\AwesomeV2\Model_loader.hpp(553,78): warning C4244: 'argument': conversion from 'float' to 'const unsigned int', possible loss of data
P:\VS project\AwesomeV2\AwesomeV2\Model_loader.hpp(554,78): warning C4244: 'argument': conversion from 'float' to 'const unsigned int', possible loss of data
P:\VS project\AwesomeV2\AwesomeV2\Model_loader.hpp(556,74): warning C4244: 'argument': conversion from 'float' to 'const unsigned int', possible loss of data
P:\VS project\AwesomeV2\AwesomeV2\Model_loader.hpp(557,78): warning C4244: 'argument': conversion from 'float' to 'const unsigned int', possible loss of data
P:\VS project\AwesomeV2\AwesomeV2\Model_loader.hpp(558,78): warning C4244: 'argument': conversion from 'float' to 'const unsigned int', possible loss of data
P:\VS project\AwesomeV2\AwesomeV2\Model_loader.hpp(560,74): warning C4244: 'argument': conversion from 'float' to 'const unsigned int', possible loss of data
P:\VS project\AwesomeV2\AwesomeV2\Model_loader.hpp(561,78): warning C4244: 'argument': conversion from 'float' to 'const unsigned int', possible loss of data
P:\VS project\AwesomeV2\AwesomeV2\Model_loader.hpp(562,78): warning C4244: 'argument': conversion from 'float' to 'const unsigned int', possible loss of data
P:\VS project\AwesomeV2\AwesomeV2\Model_loader.hpp(564,74): warning C4244: 'argument': conversion from 'float' to 'const unsigned int', possible loss of data
P:\VS project\AwesomeV2\AwesomeV2\Model_loader.hpp(565,78): warning C4244: 'argument': conversion from 'float' to 'const unsigned int', possible loss of data
P:\VS project\AwesomeV2\AwesomeV2\Model_loader.hpp(566,78): warning C4244: 'argument': conversion from 'float' to 'const unsigned int', possible loss of data
P:\VS project\AwesomeV2\AwesomeV2\Model_loader.hpp(568,72): warning C4244: 'argument': conversion from 'float' to 'const unsigned int', possible loss of data
P:\VS project\AwesomeV2\AwesomeV2\Model_loader.hpp(569,76): warning C4244: 'argument': conversion from 'float' to 'const unsigned int', possible loss of data
P:\VS project\AwesomeV2\AwesomeV2\Model_loader.hpp(570,76): warning C4244: 'argument': conversion from 'float' to 'const unsigned int', possible loss of data
P:\VS project\AwesomeV2\AwesomeV2\Model_loader.hpp(572,72): warning C4244: 'argument': conversion from 'float' to 'const unsigned int', possible loss of data
P:\VS project\AwesomeV2\AwesomeV2\Model_loader.hpp(573,76): warning C4244: 'argument': conversion from 'float' to 'const unsigned int', possible loss of data
P:\VS project\AwesomeV2\AwesomeV2\Model_loader.hpp(574,76): warning C4244: 'argument': conversion from 'float' to 'const unsigned int', possible loss of data
P:\VS project\AwesomeV2\AwesomeV2\Model_loader.hpp(576,72): warning C4244: 'argument': conversion from 'float' to 'const unsigned int', possible loss of data
P:\VS project\AwesomeV2\AwesomeV2\Model_loader.hpp(577,76): warning C4244: 'argument': conversion from 'float' to 'const unsigned int', possible loss of data
P:\VS project\AwesomeV2\AwesomeV2\Model_loader.hpp(578,76): warning C4244: 'argument': conversion from 'float' to 'const unsigned int', possible loss of data
P:\VS project\AwesomeV2\AwesomeV2\Model_loader.hpp(580,72): warning C4244: 'argument': conversion from 'float' to 'const unsigned int', possible loss of data
P:\VS project\AwesomeV2\AwesomeV2\Model_loader.hpp(581,76): warning C4244: 'argument': conversion from 'float' to 'const unsigned int', possible loss of data
P:\VS project\AwesomeV2\AwesomeV2\Model_loader.hpp(582,76): warning C4244: 'argument': conversion from 'float' to 'const unsigned int', possible loss of data
P:\VS project\AwesomeV2\AwesomeV2\Model_loader.hpp(584,72): warning C4244: 'argument': conversion from 'float' to 'const unsigned int', possible loss of data
P:\VS project\AwesomeV2\AwesomeV2\Model_loader.hpp(585,76): warning C4244: 'argument': conversion from 'float' to 'const unsigned int', possible loss of data
P:\VS project\AwesomeV2\AwesomeV2\Model_loader.hpp(586,76): warning C4244: 'argument': conversion from 'float' to 'const unsigned int', possible loss of data
P:\VS project\AwesomeV2\AwesomeV2\Model_loader.hpp(588,72): warning C4244: 'argument': conversion from 'float' to 'const unsigned int', possible loss of data
P:\VS project\AwesomeV2\AwesomeV2\Model_loader.hpp(589,76): warning C4244: 'argument': conversion from 'float' to 'const unsigned int', possible loss of data
P:\VS project\AwesomeV2\AwesomeV2\Model_loader.hpp(590,76): warning C4244: 'argument': conversion from 'float' to 'const unsigned int', possible loss of data
P:\VS project\AwesomeV2\AwesomeV2\Model_loader.hpp(596,74): warning C4244: 'argument': conversion from 'float' to 'const unsigned int', possible loss of data
P:\VS project\AwesomeV2\AwesomeV2\Model_loader.hpp(597,78): warning C4244: 'argument': conversion from 'float' to 'const unsigned int', possible loss of data
P:\VS project\AwesomeV2\AwesomeV2\Model_loader.hpp(598,78): warning C4244: 'argument': conversion from 'float' to 'const unsigned int', possible loss of data
P:\VS project\AwesomeV2\AwesomeV2\Model_loader.hpp(600,74): warning C4244: 'argument': conversion from 'float' to 'const unsigned int', possible loss of data
P:\VS project\AwesomeV2\AwesomeV2\Model_loader.hpp(601,78): warning C4244: 'argument': conversion from 'float' to 'const unsigned int', possible loss of data
P:\VS project\AwesomeV2\AwesomeV2\Model_loader.hpp(602,78): warning C4244: 'argument': conversion from 'float' to 'const unsigned int', possible loss of data
P:\VS project\AwesomeV2\AwesomeV2\Model_loader.hpp(604,74): warning C4244: 'argument': conversion from 'float' to 'const unsigned int', possible loss of data
P:\VS project\AwesomeV2\AwesomeV2\Model_loader.hpp(605,78): warning C4244: 'argument': conversion from 'float' to 'const unsigned int', possible loss of data
P:\VS project\AwesomeV2\AwesomeV2\Model_loader.hpp(606,78): warning C4244: 'argument': conversion from 'float' to 'const unsigned int', possible loss of data
P:\VS project\AwesomeV2\AwesomeV2\Model_loader.hpp(608,74): warning C4244: 'argument': conversion from 'float' to 'const unsigned int', possible loss of data
P:\VS project\AwesomeV2\AwesomeV2\Model_loader.hpp(609,78): warning C4244: 'argument': conversion from 'float' to 'const unsigned int', possible loss of data
P:\VS project\AwesomeV2\AwesomeV2\Model_loader.hpp(610,78): warning C4244: 'argument': conversion from 'float' to 'const unsigned int', possible loss of data
P:\VS project\AwesomeV2\AwesomeV2\Model_loader.hpp(612,74): warning C4244: 'argument': conversion from 'float' to 'const unsigned int', possible loss of data
P:\VS project\AwesomeV2\AwesomeV2\Model_loader.hpp(613,78): warning C4244: 'argument': conversion from 'float' to 'const unsigned int', possible loss of data
P:\VS project\AwesomeV2\AwesomeV2\Model_loader.hpp(614,78): warning C4244: 'argument': conversion from 'float' to 'const unsigned int', possible loss of data
P:\VS project\AwesomeV2\AwesomeV2\Model_loader.hpp(616,74): warning C4244: 'argument': conversion from 'float' to 'const unsigned int', possible loss of data
P:\VS project\AwesomeV2\AwesomeV2\Model_loader.hpp(617,78): warning C4244: 'argument': conversion from 'float' to 'const unsigned int', possible loss of data
P:\VS project\AwesomeV2\AwesomeV2\Model_loader.hpp(618,78): warning C4244: 'argument': conversion from 'float' to 'const unsigned int', possible loss of data
P:\VS project\AwesomeV2\AwesomeV2\Model_loader.hpp(620,94): warning C4244: 'argument': conversion from 'float' to 'const unsigned int', possible loss of data
P:\VS project\AwesomeV2\AwesomeV2\Model_loader.hpp(621,98): warning C4244: 'argument': conversion from 'float' to 'const unsigned int', possible loss of data
P:\VS project\AwesomeV2\AwesomeV2\Model_loader.hpp(623,94): warning C4244: 'argument': conversion from 'float' to 'const unsigned int', possible loss of data
P:\VS project\AwesomeV2\AwesomeV2\Model_loader.hpp(624,98): warning C4244: 'argument': conversion from 'float' to 'const unsigned int', possible loss of data
P:\VS project\AwesomeV2\AwesomeV2\Model_loader.hpp(626,94): warning C4244: 'argument': conversion from 'float' to 'const unsigned int', possible loss of data
P:\VS project\AwesomeV2\AwesomeV2\Model_loader.hpp(627,98): warning C4244: 'argument': conversion from 'float' to 'const unsigned int', possible loss of data
P:\VS project\AwesomeV2\AwesomeV2\Model_loader.hpp(629,94): warning C4244: 'argument': conversion from 'float' to 'const unsigned int', possible loss of data
P:\VS project\AwesomeV2\AwesomeV2\Model_loader.hpp(630,98): warning C4244: 'argument': conversion from 'float' to 'const unsigned int', possible loss of data
P:\VS project\AwesomeV2\AwesomeV2\Model_loader.hpp(632,94): warning C4244: 'argument': conversion from 'float' to 'const unsigned int', possible loss of data
P:\VS project\AwesomeV2\AwesomeV2\Model_loader.hpp(633,98): warning C4244: 'argument': conversion from 'float' to 'const unsigned int', possible loss of data
P:\VS project\AwesomeV2\AwesomeV2\Model_loader.hpp(635,94): warning C4244: 'argument': conversion from 'float' to 'const unsigned int', possible loss of data
P:\VS project\AwesomeV2\AwesomeV2\Model_loader.hpp(636,98): warning C4244: 'argument': conversion from 'float' to 'const unsigned int', possible loss of data
P:\VS project\AwesomeV2\AwesomeV2\Model_loader.hpp(638,72): warning C4244: 'argument': conversion from 'float' to 'const unsigned int', possible loss of data
P:\VS project\AwesomeV2\AwesomeV2\Model_loader.hpp(639,76): warning C4244: 'argument': conversion from 'float' to 'const unsigned int', possible loss of data
P:\VS project\AwesomeV2\AwesomeV2\Model_loader.hpp(640,76): warning C4244: 'argument': conversion from 'float' to 'const unsigned int', possible loss of data
P:\VS project\AwesomeV2\AwesomeV2\Model_loader.hpp(642,72): warning C4244: 'argument': conversion from 'float' to 'const unsigned int', possible loss of data
P:\VS project\AwesomeV2\AwesomeV2\Model_loader.hpp(643,76): warning C4244: 'argument': conversion from 'float' to 'const unsigned int', possible loss of data
P:\VS project\AwesomeV2\AwesomeV2\Model_loader.hpp(644,76): warning C4244: 'argument': conversion from 'float' to 'const unsigned int', possible loss of data
P:\VS project\AwesomeV2\AwesomeV2\Model_loader.hpp(646,72): warning C4244: 'argument': conversion from 'float' to 'const unsigned int', possible loss of data
P:\VS project\AwesomeV2\AwesomeV2\Model_loader.hpp(647,76): warning C4244: 'argument': conversion from 'float' to 'const unsigned int', possible loss of data
P:\VS project\AwesomeV2\AwesomeV2\Model_loader.hpp(648,76): warning C4244: 'argument': conversion from 'float' to 'const unsigned int', possible loss of data
P:\VS project\AwesomeV2\AwesomeV2\Model_loader.hpp(650,72): warning C4244: 'argument': conversion from 'float' to 'const unsigned int', possible loss of data
P:\VS project\AwesomeV2\AwesomeV2\Model_loader.hpp(651,76): warning C4244: 'argument': conversion from 'float' to 'const unsigned int', possible loss of data
P:\VS project\AwesomeV2\AwesomeV2\Model_loader.hpp(652,76): warning C4244: 'argument': conversion from 'float' to 'const unsigned int', possible loss of data
P:\VS project\AwesomeV2\AwesomeV2\Model_loader.hpp(654,72): warning C4244: 'argument': conversion from 'float' to 'const unsigned int', possible loss of data
P:\VS project\AwesomeV2\AwesomeV2\Model_loader.hpp(655,76): warning C4244: 'argument': conversion from 'float' to 'const unsigned int', possible loss of data
P:\VS project\AwesomeV2\AwesomeV2\Model_loader.hpp(656,76): warning C4244: 'argument': conversion from 'float' to 'const unsigned int', possible loss of data
P:\VS project\AwesomeV2\AwesomeV2\Model_loader.hpp(658,72): warning C4244: 'argument': conversion from 'float' to 'const unsigned int', possible loss of data
P:\VS project\AwesomeV2\AwesomeV2\Model_loader.hpp(659,76): warning C4244: 'argument': conversion from 'float' to 'const unsigned int', possible loss of data
P:\VS project\AwesomeV2\AwesomeV2\Model_loader.hpp(660,76): warning C4244: 'argument': conversion from 'float' to 'const unsigned int', possible loss of data
P:\VS project\AwesomeV2\AwesomeV2\Core.hpp(161,30): warning C4244: '=': conversion from 'double' to 'float', possible loss of data
P:\VS project\AwesomeV2\AwesomeV2\Core.hpp(170,22): warning C4244: 'return': conversion from 'double' to 'float', possible loss of data
P:\VS project\AwesomeV2\AwesomeV2\Core.hpp(383,64): warning C4244: 'argument': conversion from 'double' to 'float', possible loss of data
P:\VS project\AwesomeV2\AwesomeV2\Core.hpp(384,80): warning C4244: 'argument': conversion from 'T' to 'float', possible loss of data
          with
          [
              T=double
          ]
P:\VS project\AwesomeV2\AwesomeV2\Core.hpp(384,72): warning C4244: 'argument': conversion from 'T' to 'float', possible loss of data
          with
          [
              T=double
          ]
P:\VS project\AwesomeV2\AwesomeV2\Core.hpp(385,88): warning C4244: 'argument': conversion from 'T' to 'float', possible loss of data
          with
          [
              T=double
          ]
P:\VS project\AwesomeV2\AwesomeV2\Core.hpp(385,80): warning C4244: 'argument': conversion from 'T' to 'float', possible loss of data
          with
          [
              T=double
          ]
P:\VS project\AwesomeV2\AwesomeV2\Core.hpp(385,72): warning C4244: 'argument': conversion from 'T' to 'float', possible loss of data
          with
          [
              T=double
          ]
P:\VS project\AwesomeV2\AwesomeV2\Core.hpp(386,96): warning C4244: 'argument': conversion from 'T' to 'float', possible loss of data
          with
          [
              T=double
          ]
P:\VS project\AwesomeV2\AwesomeV2\Core.hpp(386,88): warning C4244: 'argument': conversion from 'T' to 'float', possible loss of data
          with
          [
              T=double
          ]
P:\VS project\AwesomeV2\AwesomeV2\Core.hpp(386,80): warning C4244: 'argument': conversion from 'T' to 'float', possible loss of data
          with
          [
              T=double
          ]
P:\VS project\AwesomeV2\AwesomeV2\Core.hpp(386,72): warning C4244: 'argument': conversion from 'T' to 'float', possible loss of data
          with
          [
              T=double
          ]
P:\VS project\AwesomeV2\AwesomeV2\Core.hpp(388,56): warning C4244: 'argument': conversion from 'double' to 'float', possible loss of data
P:\VS project\AwesomeV2\AwesomeV2\Core.hpp(389,72): warning C4244: 'argument': conversion from 'T' to 'float', possible loss of data
          with
          [
              T=double
          ]
P:\VS project\AwesomeV2\AwesomeV2\Core.hpp(389,64): warning C4244: 'argument': conversion from 'T' to 'float', possible loss of data
          with
          [
              T=double
          ]
P:\VS project\AwesomeV2\AwesomeV2\Core.hpp(390,80): warning C4244: 'argument': conversion from 'T' to 'float', possible loss of data
          with
          [
              T=double
          ]
P:\VS project\AwesomeV2\AwesomeV2\Core.hpp(390,72): warning C4244: 'argument': conversion from 'T' to 'float', possible loss of data
          with
          [
              T=double
          ]
P:\VS project\AwesomeV2\AwesomeV2\Core.hpp(390,64): warning C4244: 'argument': conversion from 'T' to 'float', possible loss of data
          with
          [
              T=double
          ]
P:\VS project\AwesomeV2\AwesomeV2\Core.hpp(391,88): warning C4244: 'argument': conversion from 'T' to 'float', possible loss of data
          with
          [
              T=double
          ]
P:\VS project\AwesomeV2\AwesomeV2\Core.hpp(391,80): warning C4244: 'argument': conversion from 'T' to 'float', possible loss of data
          with
          [
              T=double
          ]
P:\VS project\AwesomeV2\AwesomeV2\Core.hpp(391,72): warning C4244: 'argument': conversion from 'T' to 'float', possible loss of data
          with
          [
              T=double
          ]
P:\VS project\AwesomeV2\AwesomeV2\Core.hpp(391,64): warning C4244: 'argument': conversion from 'T' to 'float', possible loss of data
          with
          [
              T=double
          ]
P:\VS project\AwesomeV2\AwesomeV2\Core.hpp(1276,98): warning C4244: 'argument': conversion from 'double' to 'float', possible loss of data
P:\VS project\AwesomeV2\AwesomeV2\Core.hpp(1276,47): warning C4244: 'argument': conversion from 'double' to 'float', possible loss of data
P:\VS project\AwesomeV2\AwesomeV2\Core.hpp(1276,24): warning C4244: 'argument': conversion from 'double' to 'float', possible loss of data
P:\VS project\AwesomeV2\AwesomeV2\Core.hpp(1365,21): warning C4018: '<': signed/unsigned mismatch
P:\VS project\AwesomeV2\AwesomeV2\Core.hpp(1456,46): warning C4244: 'argument': conversion from 'double' to 'float', possible loss of data
P:\VS project\AwesomeV2\AwesomeV2\Core.hpp(1456,38): warning C4244: 'argument': conversion from 'double' to 'float', possible loss of data
P:\VS project\AwesomeV2\AwesomeV2\Core.hpp(1456,30): warning C4244: 'argument': conversion from 'double' to 'float', possible loss of data
P:\VS project\AwesomeV2\AwesomeV2\Core.hpp(1456,22): warning C4244: 'argument': conversion from 'double' to 'float', possible loss of data
P:\VS project\AwesomeV2\AwesomeV2\Renderer.hpp(312,22): warning C4018: '<': signed/unsigned mismatch
P:\VS project\AwesomeV2\AwesomeV2\Renderer.hpp(350,61): warning C4018: '<': signed/unsigned mismatch
P:\VS project\AwesomeV2\AwesomeV2\Renderer.hpp(510,45): warning C4018: '<': signed/unsigned mismatch
P:\VS project\AwesomeV2\AwesomeV2\Renderer.hpp(528,45): warning C4018: '<': signed/unsigned mismatch
P:\VS project\AwesomeV2\AwesomeV2\Renderer.hpp(968,22): warning C4018: '<': signed/unsigned mismatch
P:\VS project\AwesomeV2\AwesomeV2\Renderer.hpp(1027,58): warning C4244: 'return': conversion from '_Ty' to 'unsigned int', possible loss of data
          with
          [
              _Ty=float
          ]
P:\VS project\AwesomeV2\AwesomeV2\test_code.cpp(49,17): warning C4244: 'initializing': conversion from 'double' to 'float', possible loss of data
P:\VS project\AwesomeV2\AwesomeV2\test_code.cpp(50,17): warning C4244: 'initializing': conversion from 'double' to 'float', possible loss of data
P:\VS project\AwesomeV2\AwesomeV2\test_code.cpp(52,11): warning C4244: '=': conversion from 'double' to 'int', possible loss of data
P:\VS project\AwesomeV2\AwesomeV2\test_code.cpp(53,11): warning C4244: '=': conversion from 'double' to 'int', possible loss of data
  AwesomeV2.vcxproj -> P:\VS project\AwesomeV2\Debug\AwesomeV2.exe
